<?xml version="1.0" encoding="UTF-8"?>
<!-- Generated by org.testng.reporters.JUnitReportReporter -->
<testsuite hostname="DESKTOP-UQH32C2" failures="0" tests="3" name="maven_project.maven_project.SeleniumProject" time="14.971" errors="0" timestamp="2023-02-14T14:16:52 IST" skipped="0">
  <testcase classname="maven_project.maven_project.SeleniumProject" name="shouldAnswerWithTrue" time="0.006"/>
  <system-out/>
  <testcase classname="maven_project.maven_project.SeleniumProject" name="navigatewebpageTC02" time="14.951"/>
  <system-out/>
  <testcase classname="maven_project.maven_project.SeleniumProject" name="title" time="0.014"/>
  <system-out/>
</testsuite> <!-- maven_project.maven_project.SeleniumProject -->
